<?xml version="1.0" encoding="UTF-8"?>
<!-- Generated by org.testng.reporters.JUnitXMLReporter -->
<testsuite ignored="2" hostname="LAPTOP-BDLV2CB7" failures="0" tests="3" name="Test" time="42.72" errors="0" timestamp="2022-04-09T12:41:40 IST">
  <testcase classname="TestClasses.Test1" name="VerifyUserCanLogin" time="4.634"/>
  <testcase classname="TestClasses.Test1" name="z_VerifyUserCanAddAddress" time="12.989"/>
  <testcase classname="TestClasses.Test1" name="z_VerifyUserCanAddAddress" time="12.882"/>
  <testcase classname="TestClasses.Test1" name="test3" time="0.0">
    <ignored/>
  </testcase> <!-- test3 -->
  <testcase classname="TestClasses.Test1" name="test4" time="0.0">
    <ignored/>
  </testcase> <!-- test4 -->
</testsuite> <!-- Test -->
